<?xml version="1.0" encoding="UTF-8"?>
<!-- Generated by org.testng.reporters.JUnitReportReporter -->
<testsuite hostname="user1" failures="0" tests="3" name="runners.CRMRunner" time="0.211" errors="0" timestamp="2025-04-10T17:43:57 IST" skipped="0">
  <testcase classname="runners.CRMRunner" name="runScenario" time="0.028"/>
  <testcase classname="runners.CRMRunner" name="runScenario" time="0.162"/>
  <testcase classname="runners.CRMRunner" name="runScenario" time="0.021"/>
</testsuite> <!-- runners.CRMRunner -->
