<?xml version="1.0" encoding="UTF-8"?>
<!-- Generated by org.testng.reporters.JUnitReportReporter -->
<testsuite hostname="user1" failures="0" tests="1" name="runners.RerunRunner" time="8.820" errors="0" timestamp="2025-04-09T17:00:08 IST" skipped="0">
  <testcase classname="runners.RerunRunner" name="runScenario" time="8.820"/>
</testsuite> <!-- runners.RerunRunner -->
